  GBNRdtReceiver.cpp
E:\vs2019\Computer-network\RDT_protocol\RDT_protocol\GBNRdtReceiver.cpp(1,1): warning C4819: 该文件包含不能在当前代码页(936)中表示的字符。请将该文件保存为 Unicode 格式以防止数据丢失
E:\vs2019\Computer-network\RDT_protocol\RDT_protocol\stdafx.h(1,1): warning C4819: 该文件包含不能在当前代码页(936)中表示的字符。请将该文件保存为 Unicode 格式以防止数据丢失
E:\vs2019\Computer-network\RDT_protocol\RDT_protocol\targetver.h(1,1): warning C4819: 该文件包含不能在当前代码页(936)中表示的字符。请将该文件保存为 Unicode 格式以防止数据丢失
E:\vs2019\Computer-network\RDT_protocol\RDT_protocol\Tool.h(1,1): warning C4819: 该文件包含不能在当前代码页(936)中表示的字符。请将该文件保存为 Unicode 格式以防止数据丢失
E:\vs2019\Computer-network\RDT_protocol\RDT_protocol\DataStructure.h(1,1): warning C4819: 该文件包含不能在当前代码页(936)中表示的字符。请将该文件保存为 Unicode 格式以防止数据丢失
E:\vs2019\Computer-network\RDT_protocol\RDT_protocol\NetworkService.h(1,1): warning C4819: 该文件包含不能在当前代码页(936)中表示的字符。请将该文件保存为 Unicode 格式以防止数据丢失
E:\vs2019\Computer-network\RDT_protocol\RDT_protocol\RandomEventEnum.h(1,1): warning C4819: 该文件包含不能在当前代码页(936)中表示的字符。请将该文件保存为 Unicode 格式以防止数据丢失
E:\vs2019\Computer-network\RDT_protocol\RDT_protocol\RdtReceiver.h(1,1): warning C4819: 该文件包含不能在当前代码页(936)中表示的字符。请将该文件保存为 Unicode 格式以防止数据丢失
E:\vs2019\Computer-network\RDT_protocol\RDT_protocol\GBNRdtReceiver.h(1,1): warning C4819: 该文件包含不能在当前代码页(936)中表示的字符。请将该文件保存为 Unicode 格式以防止数据丢失
  GBNRdtSender.cpp
E:\vs2019\Computer-network\RDT_protocol\RDT_protocol\GBNRdtSender.cpp(1,1): warning C4819: 该文件包含不能在当前代码页(936)中表示的字符。请将该文件保存为 Unicode 格式以防止数据丢失
E:\vs2019\Computer-network\RDT_protocol\RDT_protocol\stdafx.h(1,1): warning C4819: 该文件包含不能在当前代码页(936)中表示的字符。请将该文件保存为 Unicode 格式以防止数据丢失
E:\vs2019\Computer-network\RDT_protocol\RDT_protocol\targetver.h(1,1): warning C4819: 该文件包含不能在当前代码页(936)中表示的字符。请将该文件保存为 Unicode 格式以防止数据丢失
E:\vs2019\Computer-network\RDT_protocol\RDT_protocol\Tool.h(1,1): warning C4819: 该文件包含不能在当前代码页(936)中表示的字符。请将该文件保存为 Unicode 格式以防止数据丢失
E:\vs2019\Computer-network\RDT_protocol\RDT_protocol\DataStructure.h(1,1): warning C4819: 该文件包含不能在当前代码页(936)中表示的字符。请将该文件保存为 Unicode 格式以防止数据丢失
E:\vs2019\Computer-network\RDT_protocol\RDT_protocol\NetworkService.h(1,1): warning C4819: 该文件包含不能在当前代码页(936)中表示的字符。请将该文件保存为 Unicode 格式以防止数据丢失
E:\vs2019\Computer-network\RDT_protocol\RDT_protocol\RandomEventEnum.h(1,1): warning C4819: 该文件包含不能在当前代码页(936)中表示的字符。请将该文件保存为 Unicode 格式以防止数据丢失
E:\vs2019\Computer-network\RDT_protocol\RDT_protocol\RdtReceiver.h(1,1): warning C4819: 该文件包含不能在当前代码页(936)中表示的字符。请将该文件保存为 Unicode 格式以防止数据丢失
E:\vs2019\Computer-network\RDT_protocol\RDT_protocol\GBNRdtSender.h(1,1): warning C4819: 该文件包含不能在当前代码页(936)中表示的字符。请将该文件保存为 Unicode 格式以防止数据丢失
  SRRdtReceiver.cpp
E:\vs2019\Computer-network\RDT_protocol\RDT_protocol\SRRdtReceiver.cpp(1,1): warning C4819: 该文件包含不能在当前代码页(936)中表示的字符。请将该文件保存为 Unicode 格式以防止数据丢失
E:\vs2019\Computer-network\RDT_protocol\RDT_protocol\stdafx.h(1,1): warning C4819: 该文件包含不能在当前代码页(936)中表示的字符。请将该文件保存为 Unicode 格式以防止数据丢失
E:\vs2019\Computer-network\RDT_protocol\RDT_protocol\targetver.h(1,1): warning C4819: 该文件包含不能在当前代码页(936)中表示的字符。请将该文件保存为 Unicode 格式以防止数据丢失
E:\vs2019\Computer-network\RDT_protocol\RDT_protocol\Tool.h(1,1): warning C4819: 该文件包含不能在当前代码页(936)中表示的字符。请将该文件保存为 Unicode 格式以防止数据丢失
E:\vs2019\Computer-network\RDT_protocol\RDT_protocol\DataStructure.h(1,1): warning C4819: 该文件包含不能在当前代码页(936)中表示的字符。请将该文件保存为 Unicode 格式以防止数据丢失
E:\vs2019\Computer-network\RDT_protocol\RDT_protocol\NetworkService.h(1,1): warning C4819: 该文件包含不能在当前代码页(936)中表示的字符。请将该文件保存为 Unicode 格式以防止数据丢失
E:\vs2019\Computer-network\RDT_protocol\RDT_protocol\RandomEventEnum.h(1,1): warning C4819: 该文件包含不能在当前代码页(936)中表示的字符。请将该文件保存为 Unicode 格式以防止数据丢失
E:\vs2019\Computer-network\RDT_protocol\RDT_protocol\RdtReceiver.h(1,1): warning C4819: 该文件包含不能在当前代码页(936)中表示的字符。请将该文件保存为 Unicode 格式以防止数据丢失
E:\vs2019\Computer-network\RDT_protocol\RDT_protocol\SRRdtReceiver.h(1,1): warning C4819: 该文件包含不能在当前代码页(936)中表示的字符。请将该文件保存为 Unicode 格式以防止数据丢失
  SRRdtSender.cpp
E:\vs2019\Computer-network\RDT_protocol\RDT_protocol\SRRdtSender.cpp(1,1): warning C4819: 该文件包含不能在当前代码页(936)中表示的字符。请将该文件保存为 Unicode 格式以防止数据丢失
E:\vs2019\Computer-network\RDT_protocol\RDT_protocol\stdafx.h(1,1): warning C4819: 该文件包含不能在当前代码页(936)中表示的字符。请将该文件保存为 Unicode 格式以防止数据丢失
E:\vs2019\Computer-network\RDT_protocol\RDT_protocol\targetver.h(1,1): warning C4819: 该文件包含不能在当前代码页(936)中表示的字符。请将该文件保存为 Unicode 格式以防止数据丢失
E:\vs2019\Computer-network\RDT_protocol\RDT_protocol\Tool.h(1,1): warning C4819: 该文件包含不能在当前代码页(936)中表示的字符。请将该文件保存为 Unicode 格式以防止数据丢失
E:\vs2019\Computer-network\RDT_protocol\RDT_protocol\DataStructure.h(1,1): warning C4819: 该文件包含不能在当前代码页(936)中表示的字符。请将该文件保存为 Unicode 格式以防止数据丢失
E:\vs2019\Computer-network\RDT_protocol\RDT_protocol\NetworkService.h(1,1): warning C4819: 该文件包含不能在当前代码页(936)中表示的字符。请将该文件保存为 Unicode 格式以防止数据丢失
E:\vs2019\Computer-network\RDT_protocol\RDT_protocol\RandomEventEnum.h(1,1): warning C4819: 该文件包含不能在当前代码页(936)中表示的字符。请将该文件保存为 Unicode 格式以防止数据丢失
E:\vs2019\Computer-network\RDT_protocol\RDT_protocol\RdtReceiver.h(1,1): warning C4819: 该文件包含不能在当前代码页(936)中表示的字符。请将该文件保存为 Unicode 格式以防止数据丢失
E:\vs2019\Computer-network\RDT_protocol\RDT_protocol\SRRdtSender.h(1,1): warning C4819: 该文件包含不能在当前代码页(936)中表示的字符。请将该文件保存为 Unicode 格式以防止数据丢失
  TCP.cpp
E:\vs2019\Computer-network\RDT_protocol\RDT_protocol\TCP.cpp(1,1): warning C4819: 该文件包含不能在当前代码页(936)中表示的字符。请将该文件保存为 Unicode 格式以防止数据丢失
E:\vs2019\Computer-network\RDT_protocol\RDT_protocol\stdafx.h(1,1): warning C4819: 该文件包含不能在当前代码页(936)中表示的字符。请将该文件保存为 Unicode 格式以防止数据丢失
E:\vs2019\Computer-network\RDT_protocol\RDT_protocol\targetver.h(1,1): warning C4819: 该文件包含不能在当前代码页(936)中表示的字符。请将该文件保存为 Unicode 格式以防止数据丢失
E:\vs2019\Computer-network\RDT_protocol\RDT_protocol\Tool.h(1,1): warning C4819: 该文件包含不能在当前代码页(936)中表示的字符。请将该文件保存为 Unicode 格式以防止数据丢失
E:\vs2019\Computer-network\RDT_protocol\RDT_protocol\DataStructure.h(1,1): warning C4819: 该文件包含不能在当前代码页(936)中表示的字符。请将该文件保存为 Unicode 格式以防止数据丢失
E:\vs2019\Computer-network\RDT_protocol\RDT_protocol\NetworkService.h(1,1): warning C4819: 该文件包含不能在当前代码页(936)中表示的字符。请将该文件保存为 Unicode 格式以防止数据丢失
E:\vs2019\Computer-network\RDT_protocol\RDT_protocol\RandomEventEnum.h(1,1): warning C4819: 该文件包含不能在当前代码页(936)中表示的字符。请将该文件保存为 Unicode 格式以防止数据丢失
E:\vs2019\Computer-network\RDT_protocol\RDT_protocol\RdtReceiver.h(1,1): warning C4819: 该文件包含不能在当前代码页(936)中表示的字符。请将该文件保存为 Unicode 格式以防止数据丢失
E:\vs2019\Computer-network\RDT_protocol\RDT_protocol\TCPRdtSender.h(1,1): warning C4819: 该文件包含不能在当前代码页(936)中表示的字符。请将该文件保存为 Unicode 格式以防止数据丢失
E:\vs2019\Computer-network\RDT_protocol\RDT_protocol\TCPRdtReceiver.h(1,1): warning C4819: 该文件包含不能在当前代码页(936)中表示的字符。请将该文件保存为 Unicode 格式以防止数据丢失
  TCPRdtReceiver.cpp
E:\vs2019\Computer-network\RDT_protocol\RDT_protocol\TCPRdtReceiver.cpp(1,1): warning C4819: 该文件包含不能在当前代码页(936)中表示的字符。请将该文件保存为 Unicode 格式以防止数据丢失
E:\vs2019\Computer-network\RDT_protocol\RDT_protocol\stdafx.h(1,1): warning C4819: 该文件包含不能在当前代码页(936)中表示的字符。请将该文件保存为 Unicode 格式以防止数据丢失
E:\vs2019\Computer-network\RDT_protocol\RDT_protocol\targetver.h(1,1): warning C4819: 该文件包含不能在当前代码页(936)中表示的字符。请将该文件保存为 Unicode 格式以防止数据丢失
E:\vs2019\Computer-network\RDT_protocol\RDT_protocol\Tool.h(1,1): warning C4819: 该文件包含不能在当前代码页(936)中表示的字符。请将该文件保存为 Unicode 格式以防止数据丢失
E:\vs2019\Computer-network\RDT_protocol\RDT_protocol\DataStructure.h(1,1): warning C4819: 该文件包含不能在当前代码页(936)中表示的字符。请将该文件保存为 Unicode 格式以防止数据丢失
E:\vs2019\Computer-network\RDT_protocol\RDT_protocol\NetworkService.h(1,1): warning C4819: 该文件包含不能在当前代码页(936)中表示的字符。请将该文件保存为 Unicode 格式以防止数据丢失
E:\vs2019\Computer-network\RDT_protocol\RDT_protocol\RandomEventEnum.h(1,1): warning C4819: 该文件包含不能在当前代码页(936)中表示的字符。请将该文件保存为 Unicode 格式以防止数据丢失
E:\vs2019\Computer-network\RDT_protocol\RDT_protocol\RdtReceiver.h(1,1): warning C4819: 该文件包含不能在当前代码页(936)中表示的字符。请将该文件保存为 Unicode 格式以防止数据丢失
E:\vs2019\Computer-network\RDT_protocol\RDT_protocol\TCPRdtReceiver.h(1,1): warning C4819: 该文件包含不能在当前代码页(936)中表示的字符。请将该文件保存为 Unicode 格式以防止数据丢失
  TCPRdtSender.cpp
E:\vs2019\Computer-network\RDT_protocol\RDT_protocol\TCPRdtSender.cpp(1,1): warning C4819: 该文件包含不能在当前代码页(936)中表示的字符。请将该文件保存为 Unicode 格式以防止数据丢失
E:\vs2019\Computer-network\RDT_protocol\RDT_protocol\stdafx.h(1,1): warning C4819: 该文件包含不能在当前代码页(936)中表示的字符。请将该文件保存为 Unicode 格式以防止数据丢失
E:\vs2019\Computer-network\RDT_protocol\RDT_protocol\targetver.h(1,1): warning C4819: 该文件包含不能在当前代码页(936)中表示的字符。请将该文件保存为 Unicode 格式以防止数据丢失
E:\vs2019\Computer-network\RDT_protocol\RDT_protocol\Tool.h(1,1): warning C4819: 该文件包含不能在当前代码页(936)中表示的字符。请将该文件保存为 Unicode 格式以防止数据丢失
E:\vs2019\Computer-network\RDT_protocol\RDT_protocol\DataStructure.h(1,1): warning C4819: 该文件包含不能在当前代码页(936)中表示的字符。请将该文件保存为 Unicode 格式以防止数据丢失
E:\vs2019\Computer-network\RDT_protocol\RDT_protocol\NetworkService.h(1,1): warning C4819: 该文件包含不能在当前代码页(936)中表示的字符。请将该文件保存为 Unicode 格式以防止数据丢失
E:\vs2019\Computer-network\RDT_protocol\RDT_protocol\RandomEventEnum.h(1,1): warning C4819: 该文件包含不能在当前代码页(936)中表示的字符。请将该文件保存为 Unicode 格式以防止数据丢失
E:\vs2019\Computer-network\RDT_protocol\RDT_protocol\RdtReceiver.h(1,1): warning C4819: 该文件包含不能在当前代码页(936)中表示的字符。请将该文件保存为 Unicode 格式以防止数据丢失
E:\vs2019\Computer-network\RDT_protocol\RDT_protocol\TCPRdtSender.h(1,1): warning C4819: 该文件包含不能在当前代码页(936)中表示的字符。请将该文件保存为 Unicode 格式以防止数据丢失
  正在生成代码...
  RDT_protocol.vcxproj -> E:\vs2019\Computer-network\RDT_protocol\Debug\RDT_protocol.exe
